<?xml version="1.0" encoding="UTF-8"?>
<testsuite xmlns:xsi="http://www.w3.org/2001/XMLSchema-instance" xsi:noNamespaceSchemaLocation="https://maven.apache.org/surefire/maven-surefire-plugin/xsd/surefire-test-report.xsd" name="com.cjacob314.apps.AppTest" time="0.024" tests="1" errors="0" skipped="0" failures="0">
  <properties>
    <property name="java.specification.version" value="13"/>
    <property name="sun.cpu.isalist" value="amd64"/>
    <property name="sun.jnu.encoding" value="Cp1252"/>
    <property name="java.class.path" value="X:\IntelliJ_Projects\Coin-Capsule\java-backend\target\test-classes;X:\IntelliJ_Projects\Coin-Capsule\java-backend\target\classes;C:\Users\Jacob\.m2\repository\junit\junit\4.11\junit-4.11.jar;C:\Users\Jacob\.m2\repository\org\hamcrest\hamcrest-core\1.3\hamcrest-core-1.3.jar;C:\Users\Jacob\.m2\repository\org\bitcoinj\bitcoinj-core\0.15.10\bitcoinj-core-0.15.10.jar;C:\Users\Jacob\.m2\repository\org\bouncycastle\bcprov-jdk15to18\1.68\bcprov-jdk15to18-1.68.jar;C:\Users\Jacob\.m2\repository\com\google\protobuf\protobuf-java\3.6.1\protobuf-java-3.6.1.jar;C:\Users\Jacob\.m2\repository\com\squareup\okhttp3\okhttp\3.12.8\okhttp-3.12.8.jar;C:\Users\Jacob\.m2\repository\com\squareup\okio\okio\1.15.0\okio-1.15.0.jar;C:\Users\Jacob\.m2\repository\net\jcip\jcip-annotations\1.0\jcip-annotations-1.0.jar;C:\Users\Jacob\.m2\repository\com\google\guava\guava\30.1.1-jre\guava-30.1.1-jre.jar;C:\Users\Jacob\.m2\repository\com\google\guava\failureaccess\1.0.1\failureaccess-1.0.1.jar;C:\Users\Jacob\.m2\repository\com\google\guava\listenablefuture\9999.0-empty-to-avoid-conflict-with-guava\listenablefuture-9999.0-empty-to-avoid-conflict-with-guava.jar;C:\Users\Jacob\.m2\repository\com\google\code\findbugs\jsr305\3.0.2\jsr305-3.0.2.jar;C:\Users\Jacob\.m2\repository\org\checkerframework\checker-qual\3.8.0\checker-qual-3.8.0.jar;C:\Users\Jacob\.m2\repository\com\google\errorprone\error_prone_annotations\2.5.1\error_prone_annotations-2.5.1.jar;C:\Users\Jacob\.m2\repository\com\google\j2objc\j2objc-annotations\1.3\j2objc-annotations-1.3.jar;C:\Users\Jacob\.m2\repository\org\slf4j\slf4j-api\1.7.5\slf4j-api-1.7.5.jar;C:\Users\Jacob\.m2\repository\org\slf4j\slf4j-nop\1.7.30\slf4j-nop-1.7.30.jar;"/>
    <property name="java.vm.vendor" value="Oracle Corporation"/>
    <property name="sun.arch.data.model" value="64"/>
    <property name="user.variant" value=""/>
    <property name="java.vendor.url" value="https://java.oracle.com/"/>
    <property name="user.timezone" value="America/Chicago"/>
    <property name="os.name" value="Windows 10"/>
    <property name="java.vm.specification.version" value="13"/>
    <property name="sun.java.launcher" value="SUN_STANDARD"/>
    <property name="user.country" value="US"/>
    <property name="sun.boot.library.path" value="C:\Program Files\Java\jdk-13.0.2\bin"/>
    <property name="sun.java.command" value="C:\Users\Jacob\AppData\Local\Temp\surefire11086106995101376268\surefirebooter8812696991114204874.jar C:\Users\Jacob\AppData\Local\Temp\surefire11086106995101376268 2021-04-18T02-08-29_769-jvmRun1 surefire3987248490337538338tmp surefire_08222643764193986886tmp"/>
    <property name="jdk.debug" value="release"/>
    <property name="surefire.test.class.path" value="X:\IntelliJ_Projects\Coin-Capsule\java-backend\target\test-classes;X:\IntelliJ_Projects\Coin-Capsule\java-backend\target\classes;C:\Users\Jacob\.m2\repository\junit\junit\4.11\junit-4.11.jar;C:\Users\Jacob\.m2\repository\org\hamcrest\hamcrest-core\1.3\hamcrest-core-1.3.jar;C:\Users\Jacob\.m2\repository\org\bitcoinj\bitcoinj-core\0.15.10\bitcoinj-core-0.15.10.jar;C:\Users\Jacob\.m2\repository\org\bouncycastle\bcprov-jdk15to18\1.68\bcprov-jdk15to18-1.68.jar;C:\Users\Jacob\.m2\repository\com\google\protobuf\protobuf-java\3.6.1\protobuf-java-3.6.1.jar;C:\Users\Jacob\.m2\repository\com\squareup\okhttp3\okhttp\3.12.8\okhttp-3.12.8.jar;C:\Users\Jacob\.m2\repository\com\squareup\okio\okio\1.15.0\okio-1.15.0.jar;C:\Users\Jacob\.m2\repository\net\jcip\jcip-annotations\1.0\jcip-annotations-1.0.jar;C:\Users\Jacob\.m2\repository\com\google\guava\guava\30.1.1-jre\guava-30.1.1-jre.jar;C:\Users\Jacob\.m2\repository\com\google\guava\failureaccess\1.0.1\failureaccess-1.0.1.jar;C:\Users\Jacob\.m2\repository\com\google\guava\listenablefuture\9999.0-empty-to-avoid-conflict-with-guava\listenablefuture-9999.0-empty-to-avoid-conflict-with-guava.jar;C:\Users\Jacob\.m2\repository\com\google\code\findbugs\jsr305\3.0.2\jsr305-3.0.2.jar;C:\Users\Jacob\.m2\repository\org\checkerframework\checker-qual\3.8.0\checker-qual-3.8.0.jar;C:\Users\Jacob\.m2\repository\com\google\errorprone\error_prone_annotations\2.5.1\error_prone_annotations-2.5.1.jar;C:\Users\Jacob\.m2\repository\com\google\j2objc\j2objc-annotations\1.3\j2objc-annotations-1.3.jar;C:\Users\Jacob\.m2\repository\org\slf4j\slf4j-api\1.7.5\slf4j-api-1.7.5.jar;C:\Users\Jacob\.m2\repository\org\slf4j\slf4j-nop\1.7.30\slf4j-nop-1.7.30.jar;"/>
    <property name="sun.cpu.endian" value="little"/>
    <property name="user.home" value="C:\Users\Jacob"/>
    <property name="user.language" value="en"/>
    <property name="java.specification.vendor" value="Oracle Corporation"/>
    <property name="java.version.date" value="2020-01-14"/>
    <property name="java.home" value="C:\Program Files\Java\jdk-13.0.2"/>
    <property name="file.separator" value="\"/>
    <property name="basedir" value="X:\IntelliJ_Projects\Coin-Capsule\java-backend"/>
    <property name="java.vm.compressedOopsMode" value="Zero based"/>
    <property name="line.separator" value="&#10;"/>
    <property name="java.vm.specification.vendor" value="Oracle Corporation"/>
    <property name="java.specification.name" value="Java Platform API Specification"/>
    <property name="surefire.real.class.path" value="C:\Users\Jacob\AppData\Local\Temp\surefire11086106995101376268\surefirebooter8812696991114204874.jar"/>
    <property name="user.script" value=""/>
    <property name="sun.management.compiler" value="HotSpot 64-Bit Tiered Compilers"/>
    <property name="java.runtime.version" value="13.0.2+8"/>
    <property name="user.name" value="Jacob"/>
    <property name="path.separator" value=";"/>
    <property name="os.version" value="10.0"/>
    <property name="java.runtime.name" value="Java(TM) SE Runtime Environment"/>
    <property name="file.encoding" value="Cp1252"/>
    <property name="java.vm.name" value="Java HotSpot(TM) 64-Bit Server VM"/>
    <property name="localRepository" value="C:\Users\Jacob\.m2\repository"/>
    <property name="java.vendor.url.bug" value="https://bugreport.java.com/bugreport/"/>
    <property name="java.io.tmpdir" value="C:\Users\Jacob\AppData\Local\Temp\"/>
    <property name="idea.version" value="2020.3"/>
    <property name="java.version" value="13.0.2"/>
    <property name="user.dir" value="X:\IntelliJ_Projects\Coin-Capsule\java-backend"/>
    <property name="os.arch" value="amd64"/>
    <property name="java.vm.specification.name" value="Java Virtual Machine Specification"/>
    <property name="sun.os.patch.level" value=""/>
    <property name="java.library.path" value="C:\Program Files\Java\jdk-13.0.2\bin;C:\WINDOWS\Sun\Java\bin;C:\WINDOWS\system32;C:\WINDOWS;C:\Program Files\NVIDIA GPU Computing Toolkit\CUDA\v11.2\bin;C:\Program Files\NVIDIA GPU Computing Toolkit\CUDA\v11.2\libnvvp;C:\PROGRA~3\DOCKER~1\VERSIO~2;C:\PROGRA~1\Docker\Docker\RESOUR~1\bin;C:\PROGRA~1\VANDYK~1\Clients\;C:\PROGRA~2\Intel\INTEL(~1\iCLS\;C:\PROGRA~1\Intel\INTEL(~1\iCLS\;C:\PROGRA~2\COMMON~1\Intel\SHARED~1\redist\intel64\compiler;C:\Windows\System32;C:\Windows;C:\Windows\System32\wbem;C:\Windows\System32\WindowsPowerShell\v1.0\;C:\PROGRA~2\Intel\INTEL(~1\DAL;C:\PROGRA~1\Intel\INTEL(~1\DAL;C:\PROGRA~2\Intel\INTEL(~1\IPT;C:\PROGRA~1\Intel\INTEL(~1\IPT;C:\PROGRA~2\WI3CF2~1\10\WINDOW~1\;C:\PROGRA~2\WI3CF2~1\10\MICROS~2\SEQUEN~1\;C:\PROGRA~1\PuTTY\;C:\Windows\System32\OpenSSH\;C:\PROGRA~1\MATLAB\R2018a\runtime\win64;C:\PROGRA~1\MATLAB\R2018a\bin;C:\PROGRA~2\NVIDIA~1\PhysX\Common;C:\PROGRA~2\COMMON~1\Acronis\VIRTUA~1\;C:\PROGRA~2\COMMON~1\Acronis\VIRTUA~2\;C:\PROGRA~2\COMMON~1\Acronis\SnapAPI\;C:\PROGRA~1\nodejs\;C:\PROGRA~3\CHOCOL~1\bin;C:\PROGRA~1\Git\cmd;C:\MinGW\bin;C:\PROGRA~1\LLVM\bin;C:\CLANG-~1;C:\PROGRA~2\VISUAL~1\bin\Win32;C:\PROGRA~2\VISUAL~1\bin\Win64;C:\Fossil;C:\Users\Jacob\AppData\Local\MICROS~1\WINDOW~1;C:\Users\Jacob\AppData\Roaming\npm;C:\Users\Jacob\AppData\Local\Programs\MICROS~1\bin;C:\PROGRA~2\DR9F91~1.MEM\bin\;C:\PROGRA~1\NVIDIA~1\NVIDIA~3;C:\PROGRA~1\NVIDIA~1\NVIDIA~2;C:\PROGRA~2\GnuWin32\bin;C:\PROGRA~1\OPENSS~1;C:\PROGRA~1\dotnet\;C:\Program Files\NVIDIA Corporation\NVIDIA NvDLISR;C:\Program Files\Java\jdk-11.0.8\bin;C:\Program Files\JetBrains\IntelliJ IDEA Community Edition 2019.3.3\plugins\maven\lib\maven3\bin;C:\Program Files\MATLAB\R2020b\bin;C:\Program Files (x86)\Gpg4win\..\GnuPG\bin;C:\Program Files\dotnet\;C:\WINDOWS\system32;C:\WINDOWS;C:\WINDOWS\System32\Wbem;C:\WINDOWS\System32\WindowsPowerShell\v1.0\;C:\WINDOWS\System32\OpenSSH\;C:\Program Files\Microsoft VS Code\bin;C:\Program Files\NVIDIA Corporation\Nsight Compute 2020.3.1\;C:\Program Files\Docker\Docker\resources\bin;C:\ProgramData\DockerDesktop\version-bin;D:\Jacob\Downloads\ffmpeg-20200115-0dc0837-win64-static\bin;C:\ProgramData\DockerDesktop\version-bin;C:\Program Files\Docker\Docker\Resources\bin;C:\Program Files\VanDyke Software\Clients\;C:\Program Files (x86)\Intel\Intel(R) Management Engine Components\iCLS\;C:\Program Files\Intel\Intel(R) Management Engine Components\iCLS\;C:\PROGRA~1\VANDYK~1\Clients\;C:\PROGRA~3\DOCKER~1\VERSIO~2;C:\PROGRA~1\Docker\Docker\RESOUR~1\bin;C:\PROGRA~2\COMMON~1\Oracle\Java\javapath;C:\PROGRA~2\COMMON~1\Intel\SHARED~1\redist\intel64\compiler;C:\PROGRA~2\Intel\INTEL(~1\iCLS\;C:\PROGRA~1\Intel\INTEL(~1\iCLS\;C:\Windows\System32;C:\Windows;C:\Windows\System32\wbem;C:\Windows\System32\WindowsPowerShell\v1.0\;C:\PROGRA~2\Intel\INTEL(~1\DAL;C:\PROGRA~1\Intel\INTEL(~1\DAL;C:\PROGRA~2\Intel\INTEL(~1\IPT;C:\PROGRA~1\Intel\INTEL(~1\IPT;C:\PROGRA~2\WI3CF2~1\10\WINDOW~1\;C:\PROGRA~2\WI3CF2~1\10\MICROS~2\SEQUEN~1\;C:\PROGRA~1\PuTTY\;C:\Windows\System32\OpenSSH\;C:\PROGRA~1\MATLAB\R2018a\runtime\win64;C:\PRO;C:\Users\Jacob\AppData\Local\Pro;C:\Users\Jacob\AppData\Local\Programs\Microsoft VS Code\bin;C:\Users\Jacob\.dotnet\tools;C:\Users\Jacob\AppData\Local\Pandoc\;C:\Users\Jacob\AppData\Local\Microsoft\WindowsApps;C:\Program Files (x86)\EaseUS\Todo Backup\bin\x64\;."/>
    <property name="java.vm.info" value="mixed mode, sharing"/>
    <property name="java.vendor" value="Oracle Corporation"/>
    <property name="java.vm.version" value="13.0.2+8"/>
    <property name="sun.io.unicode.encoding" value="UnicodeLittle"/>
    <property name="java.class.version" value="57.0"/>
  </properties>
  <testcase name="shouldAnswerWithTrue" classname="com.cjacob314.apps.AppTest" time="0.002"/>
</testsuite>